New log file opened at Thu Nov 17 19:40:12 GMT 2016 by 8248@MattLaptop
Sending msg to client activator-07aa118e-24cb-4535-b229-adb6cbabf1b0: DetachedLogEvent(LogMessage(debug,sbt server socket logs are in: C:\Users\matthew\OrangeBusMongo\.sbtserver\connections\master.log))
Sending msg to client activator-07aa118e-24cb-4535-b229-adb6cbabf1b0: DetachedLogEvent(LogMessage(debug,sbt general server logs are in: C:\Users\matthew\OrangeBusMongo\.sbtserver\master.log))
Sending msg to client activator-07aa118e-24cb-4535-b229-adb6cbabf1b0: DetachedLogEvent(LogMessage(debug,sbt client logs are in: C:\Users\matthew\OrangeBusMongo\.sbtserver\connections\activator-07aa118e-24cb-4535-b229-adb6cbabf1b0.log))
Dropping message DetachedLogEvent(LogMessage(debug,sbt general server logs are in: C:\Users\matthew\OrangeBusMongo\.sbtserver\master.log)) because client activator-07aa118e-24cb-4535-b229-adb6cbabf1b0 of an exception serializing and sending: java.net.SocketException: Software caused connection abort: socket write error
stack trace sending message was 
java.net.SocketException: Software caused connection abort: socket write error
	at java.net.SocketOutputStream.socketWrite0(Native Method)
	at java.net.SocketOutputStream.socketWrite(SocketOutputStream.java:109)
	at java.net.SocketOutputStream.write(SocketOutputStream.java:153)
	at java.io.BufferedOutputStream.flushBuffer(BufferedOutputStream.java:82)
	at java.io.BufferedOutputStream.flush(BufferedOutputStream.java:140)
	at java.io.DataOutputStream.flush(DataOutputStream.java:123)
	at sbt.impl.ipc.Peer.send(IPC.scala:79)
	at sbt.impl.ipc.Peer.send(IPC.scala:83)
	at sbt.impl.ipc.Peer.sendString(IPC.scala:106)
	at sbt.impl.ipc.Peer.sendJson(IPC.scala:119)
	at sbt.server.SbtClientHandler$$anonfun$send$1.apply$mcV$sp(SbtClientHandler.scala:128)
	at sbt.server.SbtClientHandler.wrappedSend(SbtClientHandler.scala:113)
	at sbt.server.SbtClientHandler.send(SbtClientHandler.scala:128)
	at sbt.server.SbtServerSocketHandler$$anon$1.run(SbtServerSocketHandler.scala:92)
Dropping message DetachedLogEvent(LogMessage(debug,sbt client logs are in: C:\Users\matthew\OrangeBusMongo\.sbtserver\connections\activator-07aa118e-24cb-4535-b229-adb6cbabf1b0.log)) because client activator-07aa118e-24cb-4535-b229-adb6cbabf1b0 of an exception serializing and sending: java.net.SocketException: Software caused connection abort: socket write error
stack trace sending message was 
java.net.SocketException: Software caused connection abort: socket write error
	at java.net.SocketOutputStream.socketWrite0(Native Method)
	at java.net.SocketOutputStream.socketWrite(SocketOutputStream.java:109)
	at java.net.SocketOutputStream.write(SocketOutputStream.java:153)
	at java.io.BufferedOutputStream.flushBuffer(BufferedOutputStream.java:82)
	at java.io.BufferedOutputStream.flush(BufferedOutputStream.java:140)
	at java.io.DataOutputStream.flush(DataOutputStream.java:123)
	at sbt.impl.ipc.Peer.send(IPC.scala:79)
	at sbt.impl.ipc.Peer.send(IPC.scala:83)
	at sbt.impl.ipc.Peer.sendString(IPC.scala:106)
	at sbt.impl.ipc.Peer.sendJson(IPC.scala:119)
	at sbt.server.SbtClientHandler$$anonfun$send$1.apply$mcV$sp(SbtClientHandler.scala:128)
	at sbt.server.SbtClientHandler.wrappedSend(SbtClientHandler.scala:113)
	at sbt.server.SbtClientHandler.send(SbtClientHandler.scala:128)
	at sbt.server.SbtClientHandler$clientThread$.run(SbtClientHandler.scala:42)
Reading next message from client.
Client activator-07aa118e-24cb-4535-b229-adb6cbabf1b0 closed, java.net.SocketException: socket is closed, shutting down
Dropping message (0,ReceivedResponse()) to dead client activator-07aa118e-24cb-4535-b229-adb6cbabf1b0
Client activator-07aa118e-24cb-4535-b229-adb6cbabf1b0 thread exiting.
